[26Aug2024 00:09:58.110] [Server thread/INFO] [net.minecraft.server.MinecraftServer/]: [Mobyius: Set the time to 1000]
[26Aug2024 00:11:35.292] [Server thread/WARN] [minecolonies/]: Handling Survival Placement in Colony
[26Aug2024 00:13:48.079] [Server thread/INFO] [net.minecraft.server.MinecraftServer/]: Mobyius has made the advancement [Another Mouth to Feed]
[26Aug2024 00:16:56.590] [Worker-Main-6/ERROR] [net.minecraft.world.entity.decoration.HangingEntity/]: Hanging entity at invalid position: BlockPos{x=2, y=-56, z=-41}
[26Aug2024 00:16:56.731] [Worker-Main-6/ERROR] [net.minecraft.world.entity.decoration.HangingEntity/]: Hanging entity at invalid position: BlockPos{x=3, y=-56, z=-41}
[26Aug2024 00:21:08.755] [Server thread/INFO] [net.minecraft.server.MinecraftServer/]: [olyverr: Set the time to 1000]
[26Aug2024 00:21:48.501] [Server thread/INFO] [net.minecraft.server.MinecraftServer/]: [Mobyius: Set own game mode to Creative Mode]
[26Aug2024 00:23:15.952] [Server thread/INFO] [net.minecraft.server.MinecraftServer/]: [Mobyius: Set own game mode to Survival Mode]
[26Aug2024 00:24:37.772] [Server thread/INFO] [net.minecraft.server.MinecraftServer/]: [Mobyius: Set own game mode to Creative Mode]
[26Aug2024 00:32:04.069] [Server thread/INFO] [net.minecraft.server.MinecraftServer/]: [olyverr: Set the time to 1000]
[26Aug2024 01:02:04.229] [Server thread/WARN] [net.minecraft.server.network.ServerGamePacketListenerImpl/]: Mobyius moved too quickly! -10.534955270657974,0.0,0.27024016664699957
[26Aug2024 01:03:42.841] [Server thread/INFO] [net.minecraft.server.MinecraftServer/]: [Mobyius: Set the time to 1000]
[26Aug2024 01:04:51.613] [Server thread/INFO] [minecolonies/]: Colony 1 - removed AbstractBuilding BlockPos{x=545, y=120, z=1164} of type guardtower
[26Aug2024 01:07:04.127] [Server thread/WARN] [net.minecraft.server.network.ServerGamePacketListenerImpl/]: Mobyius moved too quickly! 10.407465890594494,0.03807125854720539,-2.1163494305610584
[26Aug2024 01:08:19.537] [Server thread/INFO] [net.minecraft.server.network.ServerGamePacketListenerImpl/]: olyverr lost connection: Disconnected
[26Aug2024 01:08:19.537] [Server thread/INFO] [net.minecraft.server.MinecraftServer/]: olyverr left the game
[26Aug2024 01:11:22.139] [Server thread/INFO] [net.minecraft.server.MinecraftServer/]: Mobyius has reached the goal [Hamlet]
[26Aug2024 01:16:38.862] [Server thread/INFO] [net.minecraft.server.MinecraftServer/]: [Mobyius: Set the time to 1000]
[26Aug2024 01:26:05.937] [Server thread/INFO] [net.minecraft.server.MinecraftServer/]: [Mobyius: Set the time to 1000]
[26Aug2024 01:29:37.101] [Server thread/WARN] [net.minecraft.server.MinecraftServer/]: Can't keep up! Is the server overloaded? Running 2228ms or 44 ticks behind
[26Aug2024 01:40:40.762] [Server thread/INFO] [net.minecraft.server.MinecraftServer/]: [Mobyius: Set the time to 1000]
[26Aug2024 01:45:50.083] [Server thread/INFO] [net.minecraft.server.MinecraftServer/]: Mobyius has made the advancement [Defence is the Best Defence]
